c:\users\admin\desktop\module\vicna\module\x64\release\blake3.obj
c:\users\admin\desktop\module\vicna\module\x64\release\blake3_portable.obj
c:\users\admin\desktop\module\vicna\module\x64\release\blake3_dispatch.obj
c:\users\admin\desktop\module\vicna\module\x64\release\lz4.obj
c:\users\admin\desktop\module\vicna\module\x64\release\vc143.pdb
c:\users\admin\desktop\module\vicna\module\x64\release\confusables.obj
c:\users\admin\desktop\module\vicna\module\x64\release\cst.obj
c:\users\admin\desktop\module\vicna\module\x64\release\stringutils.obj
c:\users\admin\desktop\module\vicna\module\x64\release\builtins.obj
c:\users\admin\desktop\module\vicna\module\x64\release\costmodel.obj
c:\users\admin\desktop\module\vicna\module\x64\release\types.obj
c:\users\admin\desktop\module\vicna\module\x64\release\lbaselib.obj
c:\users\admin\desktop\module\vicna\module\x64\release\lcorolib.obj
c:\users\admin\desktop\module\vicna\module\x64\release\lfunc.obj
c:\users\admin\desktop\module\vicna\module\x64\release\linit.obj
c:\users\admin\desktop\module\vicna\module\x64\release\lmem.obj
c:\users\admin\desktop\module\vicna\module\x64\release\lstate.obj
c:\users\admin\desktop\module\vicna\module\x64\release\ltablib.obj
c:\users\admin\desktop\module\vicna\module\x64\release\lvmexecute.obj
c:\users\admin\desktop\module\vicna\module\x64\release\cache.obj
c:\users\admin\desktop\module\vicna\module\x64\release\metatable.obj
c:\users\admin\desktop\module\vicna\module\x64\release\luauhelper.obj
c:\users\admin\desktop\module\vicna\module\x64\release\auth.obj
c:\users\admin\desktop\module\vicna\module\x64\release\cprtypes.obj
c:\users\admin\desktop\module\vicna\module\x64\release\error.obj
c:\users\admin\desktop\module\vicna\module\x64\release\util.obj
c:\users\admin\desktop\module\vicna\module\x64\release\pipe.obj
c:\users\admin\desktop\module\vicna\module\x64\release\scheduler.obj
c:\users\admin\desktop\module\vicna\module\x64\release\allocator.obj
c:\users\admin\desktop\module\vicna\module\x64\release\location.obj
c:\users\admin\desktop\module\vicna\module\x64\release\parser.obj
c:\users\admin\desktop\module\vicna\module\x64\release\compiler.obj
c:\users\admin\desktop\module\vicna\module\x64\release\valuetracking.obj
c:\users\admin\desktop\module\vicna\module\x64\release\lbitlib.obj
c:\users\admin\desktop\module\vicna\module\x64\release\lbuiltins.obj
c:\users\admin\desktop\module\vicna\module\x64\release\ldo.obj
c:\users\admin\desktop\module\vicna\module\x64\release\lmathlib.obj
c:\users\admin\desktop\module\vicna\module\x64\release\lperf.obj
c:\users\admin\desktop\module\vicna\module\x64\release\lstrlib.obj
c:\users\admin\desktop\module\vicna\module\x64\release\ludata.obj
c:\users\admin\desktop\module\vicna\module\x64\release\lvmutils.obj
c:\users\admin\desktop\module\vicna\module\x64\release\filesys.obj
c:\users\admin\desktop\module\vicna\module\x64\release\server.obj
c:\users\admin\desktop\module\vicna\module\x64\release\digest.obj
c:\users\admin\desktop\module\vicna\module\x64\release\payload.obj
c:\users\admin\desktop\module\vicna\module\x64\release\session.obj
c:\users\admin\desktop\module\vicna\module\x64\release\execution.obj
c:\users\admin\desktop\module\vicna\module\x64\release\ast.obj
c:\users\admin\desktop\module\vicna\module\x64\release\prettyprinter.obj
c:\users\admin\desktop\module\vicna\module\x64\release\builtinfolding.obj
c:\users\admin\desktop\module\vicna\module\x64\release\constantfolding.obj
c:\users\admin\desktop\module\vicna\module\x64\release\lcode.obj
c:\users\admin\desktop\module\vicna\module\x64\release\lapi.obj
c:\users\admin\desktop\module\vicna\module\x64\release\lbuffer.obj
c:\users\admin\desktop\module\vicna\module\x64\release\ldblib.obj
c:\users\admin\desktop\module\vicna\module\x64\release\lgc.obj
c:\users\admin\desktop\module\vicna\module\x64\release\lnumprint.obj
c:\users\admin\desktop\module\vicna\module\x64\release\lobject.obj
c:\users\admin\desktop\module\vicna\module\x64\release\ltable.obj
c:\users\admin\desktop\module\vicna\module\x64\release\lutf8lib.obj
c:\users\admin\desktop\module\vicna\module\x64\release\lveclib.obj
c:\users\admin\desktop\module\vicna\module\x64\release\bytecode.obj
c:\users\admin\desktop\module\vicna\module\x64\release\instance.obj
c:\users\admin\desktop\module\vicna\module\x64\release\script.obj
c:\users\admin\desktop\module\vicna\module\x64\release\parameters.obj
c:\users\admin\desktop\module\vicna\module\x64\release\ssl_options.obj
c:\users\admin\desktop\module\vicna\module\x64\release\timeout.obj
c:\users\admin\desktop\module\vicna\module\x64\release\env.obj
c:\users\admin\desktop\module\vicna\module\x64\release\base64.obj
c:\users\admin\desktop\module\vicna\module\x64\release\lexer.obj
c:\users\admin\desktop\module\vicna\module\x64\release\timetrace.obj
c:\users\admin\desktop\module\vicna\module\x64\release\bytecodebuilder.obj
c:\users\admin\desktop\module\vicna\module\x64\release\tableshape.obj
c:\users\admin\desktop\module\vicna\module\x64\release\laux.obj
c:\users\admin\desktop\module\vicna\module\x64\release\lbuflib.obj
c:\users\admin\desktop\module\vicna\module\x64\release\ldebug.obj
c:\users\admin\desktop\module\vicna\module\x64\release\lgcdebug.obj
c:\users\admin\desktop\module\vicna\module\x64\release\loslib.obj
c:\users\admin\desktop\module\vicna\module\x64\release\lstring.obj
c:\users\admin\desktop\module\vicna\module\x64\release\ltm.obj
c:\users\admin\desktop\module\vicna\module\x64\release\lvmload.obj
c:\users\admin\desktop\module\vicna\module\x64\release\debug.obj
c:\users\admin\desktop\module\vicna\module\x64\release\includes.obj
c:\users\admin\desktop\module\vicna\module\x64\release\cookies.obj
c:\users\admin\desktop\module\vicna\module\x64\release\multipart.obj
c:\users\admin\desktop\module\vicna\module\x64\release\proxies.obj
c:\users\admin\desktop\module\vicna\module\x64\release\loader.obj
c:\users\admin\desktop\module\vicna\module\x64\release\yield.obj
c:\users\admin\desktop\module\vicna\x64\release\ronix-module.dll
c:\users\admin\desktop\module\vicna\x64\release\ronix-module.pdb
c:\users\admin\desktop\module\vicna\module\x64\release\ronix-module.ipdb
c:\users\admin\desktop\module\vicna\module\x64\release\ronix-module.iobj
c:\users\admin\desktop\module\vicna\module\x64\release\module.tlog\cl.11940.write.1.tlog
c:\users\admin\desktop\module\vicna\module\x64\release\module.tlog\cl.command.1.tlog
c:\users\admin\desktop\module\vicna\module\x64\release\module.tlog\cl.items.tlog
c:\users\admin\desktop\module\vicna\module\x64\release\module.tlog\cl.read.1.tlog
c:\users\admin\desktop\module\vicna\module\x64\release\module.tlog\link.command.1.tlog
c:\users\admin\desktop\module\vicna\module\x64\release\module.tlog\link.read.1.tlog
c:\users\admin\desktop\module\vicna\module\x64\release\module.tlog\link.secondary.1.tlog
c:\users\admin\desktop\module\vicna\module\x64\release\module.tlog\link.write.1.tlog
